<?xml version="1.0" encoding="UTF-8"?>
<!-- Generated by org.testng.reporters.JUnitReportReporter -->
<testsuite hostname="DESKTOP-EU4AOID" failures="0" tests="1" name="practice.pom.repository.SampleTestWithPom" time="28.110" errors="0" timestamp="2024-06-26T10:41:23 IST" skipped="0">
  <testcase classname="practice.pom.repository.SampleTestWithPom" name="sampleTest" time="28.110"/>
</testsuite> <!-- practice.pom.repository.SampleTestWithPom -->
