<?xml version="1.0" encoding="UTF-8"?>
<!-- Generated by org.testng.reporters.JUnitReportReporter -->
<testsuite hostname="DESKTOP-EU4AOID" failures="0" tests="6" name="com.crm.comcastorgtest.CreateOrgTest" time="67.139" errors="0" timestamp="2024-07-04T12:56:39 IST" skipped="0">
  <testcase classname="com.crm.comcastorgtest.CreateOrgTest" name="createOrgWithIndustries" time="9.978"/>
  <system-out/>
  <testcase classname="com.crm.comcastorgtest.CreateOrgTest" name="createOrgTest" time="13.721"/>
  <system-out/>
  <testcase classname="com.crm.comcastorgtest.CreateOrgTest" name="createOrgTest" time="14.592"/>
  <system-out/>
  <testcase classname="com.crm.comcastorgtest.CreateOrgTest" name="createOrgTest" time="11.952"/>
  <system-out/>
  <testcase classname="com.crm.comcastorgtest.CreateOrgTest" name="createOrgWithIndustries" time="8.293"/>
  <system-out/>
  <testcase classname="com.crm.comcastorgtest.CreateOrgTest" name="createOrgWithIndustries" time="8.603"/>
  <system-out/>
</testsuite> <!-- com.crm.comcastorgtest.CreateOrgTest -->
