<?xml version="1.0" encoding="UTF-8"?>
<!-- Generated by org.testng.reporters.JUnitReportReporter -->
<testsuite hostname="DESKTOP-EU4AOID" failures="0" tests="1" name="practice.testng.thaOnnumeyilla" time="25.619" errors="0" timestamp="2024-07-10T10:31:33 IST" skipped="0">
  <testcase classname="practice.testng.thaOnnumeyilla" name="createContactWithOrgandVerify" time="25.619"/>
  <system-out/>
</testsuite> <!-- practice.testng.thaOnnumeyilla -->
