<?xml version="1.0" encoding="UTF-8"?>
<!-- Generated by org.testng.reporters.JUnitReportReporter -->
<testsuite hostname="DESKTOP-EU4AOID" failures="0" tests="3" name="practice.testng.DataProviderAmazonProgram" time="39.619" errors="0" timestamp="2024-06-28T15:51:12 IST" skipped="0">
  <testcase classname="practice.testng.DataProviderAmazonProgram" name="getProductInfoTest" time="15.983"/>
  <system-out/>
  <testcase classname="practice.testng.DataProviderAmazonProgram" name="getProductInfoTest" time="11.752"/>
  <system-out/>
  <testcase classname="practice.testng.DataProviderAmazonProgram" name="getProductInfoTest" time="11.884"/>
  <system-out/>
</testsuite> <!-- practice.testng.DataProviderAmazonProgram -->
