<?xml version="1.0" encoding="UTF-8"?>
<!-- Generated by org.testng.reporters.JUnitReportReporter -->
<testsuite hostname="DESKTOP-EU4AOID" failures="0" tests="6" name="com.comcast.crm.contactTest.CreateContactTestWithAnnotation" time="64.208" errors="0" timestamp="2024-07-04T12:56:39 IST" skipped="0">
  <testcase classname="com.comcast.crm.contactTest.CreateContactTestWithAnnotation" name="createContactTest" time="4.774"/>
  <system-out/>
  <testcase classname="com.comcast.crm.contactTest.CreateContactTestWithAnnotation" name="createContactWithDates" time="8.661"/>
  <system-out/>
  <testcase classname="com.comcast.crm.contactTest.CreateContactTestWithAnnotation" name="createContactWithDates" time="15.882"/>
  <system-out/>
  <testcase classname="com.comcast.crm.contactTest.CreateContactTestWithAnnotation" name="createContactTest" time="12.610"/>
  <system-out/>
  <testcase classname="com.comcast.crm.contactTest.CreateContactTestWithAnnotation" name="createContactTest" time="13.818"/>
  <system-out/>
  <testcase classname="com.comcast.crm.contactTest.CreateContactTestWithAnnotation" name="createContactWithDates" time="8.463"/>
  <system-out/>
</testsuite> <!-- com.comcast.crm.contactTest.CreateContactTestWithAnnotation -->
