<?xml version="1.0" encoding="UTF-8"?>
<!-- Generated by org.testng.reporters.JUnitReportReporter -->
<testsuite hostname="DESKTOP-EU4AOID" failures="0" tests="2" name="practice.testng.configAnnotaTionn" time="0.013" errors="0" timestamp="2024-07-01T14:44:17 IST" skipped="0">
  <testcase classname="practice.testng.configAnnotaTionn" name="createContactwithDate" time="0.004"/>
  <system-out/>
  <testcase classname="practice.testng.configAnnotaTionn" name="creaContact" time="0.009"/>
  <system-out/>
</testsuite> <!-- practice.testng.configAnnotaTionn -->
