<?xml version="1.0" encoding="UTF-8"?>
<!-- Generated by org.testng.reporters.JUnitReportReporter -->
<testsuite hostname="DESKTOP-EU4AOID" failures="0" tests="5" name="practice.testng.SampleTest" time="0.012" errors="0" timestamp="2024-06-28T11:08:39 IST" skipped="0">
  <testcase classname="practice.testng.SampleTest" name="billingAnOrderTest" time="0.001"/>
  <system-out/>
  <testcase classname="practice.testng.SampleTest" name="createOrderTest" time="0.008"/>
  <system-out/>
  <testcase classname="practice.testng.SampleTest" name="Ztest" time="0.001"/>
  <system-out/>
  <testcase classname="practice.testng.SampleTest" name="createcontactwithMobileNumberTest" time="0.000"/>
  <system-out/>
  <testcase classname="practice.testng.SampleTest" name="contactTest" time="0.002"/>
  <system-out/>
</testsuite> <!-- practice.testng.SampleTest -->
