<?xml version="1.0" encoding="UTF-8"?>
<!-- Generated by org.testng.reporters.JUnitReportReporter -->
<testsuite hostname="DESKTOP-EU4AOID" failures="0" tests="2" name="practice.testng.CreateContactTestUsingDataProvider" time="0.006" errors="0" timestamp="2024-06-28T13:10:25 IST" skipped="0">
  <testcase classname="practice.testng.CreateContactTestUsingDataProvider" name="createContactTest" time="0.005"/>
  <system-out/>
  <testcase classname="practice.testng.CreateContactTestUsingDataProvider" name="createContactTest" time="0.001"/>
  <system-out/>
</testsuite> <!-- practice.testng.CreateContactTestUsingDataProvider -->
